app/build/intermediates/manifest_merge_blame_file/release/manifest-merger-blame-release-report.txt
1<?xml version="1.0" encoding="utf-8"?>
2<manifest xmlns:android="http://schemas.android.com/apk/res/android"
3    package="com.ashu.ocotopus"
4    android:versionCode="1"
5    android:versionName="1.0" >
6
7    <uses-sdk
8        android:minSdkVersion="21"
8-->src/main/AndroidManifest.xml
9        android:targetSdkVersion="32" />
9-->src/main/AndroidManifest.xml
10
11    <uses-permission android:name="android.permission.INTERNET" />
11-->src/main/AndroidManifest.xml:6:5-67
11-->src/main/AndroidManifest.xml:6:22-64
12
13    <permission
13-->[androidx.core:core:1.9.0] AndroidManifest.xml:22:5-24:47
14        android:name="com.ashu.ocotopus.DYNAMIC_RECEIVER_NOT_EXPORTED_PERMISSION"
14-->[androidx.core:core:1.9.0] AndroidManifest.xml:23:9-81
15        android:protectionLevel="signature" />
15-->[androidx.core:core:1.9.0] AndroidManifest.xml:24:9-44
16
17    <uses-permission android:name="com.ashu.ocotopus.DYNAMIC_RECEIVER_NOT_EXPORTED_PERMISSION" />
17-->[androidx.core:core:1.9.0] AndroidManifest.xml:26:5-97
17-->[androidx.core:core:1.9.0] AndroidManifest.xml:26:22-94
18
19    <application
19-->src/main/AndroidManifest.xml:8:5-30:19
20        android:name="com.ashu.ocotopus.OctopusApplication"
20-->src/main/AndroidManifest.xml:17:9-43
21        android:allowBackup="true"
21-->src/main/AndroidManifest.xml:9:9-35
22        android:appComponentFactory="androidx.core.app.CoreComponentFactory"
22-->[androidx.core:core:1.9.0] AndroidManifest.xml:28:18-86
23        android:dataExtractionRules="@xml/data_extraction_rules"
23-->src/main/AndroidManifest.xml:10:9-65
24        android:fullBackupContent="@xml/backup_rules"
24-->src/main/AndroidManifest.xml:11:9-54
25        android:icon="@drawable/octopus"
25-->src/main/AndroidManifest.xml:12:9-41
26        android:label="@string/app_name"
26-->src/main/AndroidManifest.xml:14:9-41
27        android:networkSecurityConfig="@xml/network_security_config"
27-->src/main/AndroidManifest.xml:18:9-69
28        android:roundIcon="@drawable/octopus"
28-->src/main/AndroidManifest.xml:15:9-46
29        android:supportsRtl="true"
29-->src/main/AndroidManifest.xml:16:9-35
30        android:theme="@style/Theme.Material3.Dark.NoActionBar"
30-->src/main/AndroidManifest.xml:19:9-64
31        android:usesCleartextTraffic="true" >
31-->src/main/AndroidManifest.xml:13:9-44
32        <activity
32-->src/main/AndroidManifest.xml:21:9-29:20
33            android:name="com.ashu.ocotopus.MainActivity"
33-->src/main/AndroidManifest.xml:22:13-41
34            android:exported="true"
34-->src/main/AndroidManifest.xml:23:13-36
35            android:label="@string/app_name" >
35-->src/main/AndroidManifest.xml:24:13-45
36            <intent-filter>
36-->src/main/AndroidManifest.xml:25:13-28:29
37                <action android:name="android.intent.action.MAIN" />
37-->src/main/AndroidManifest.xml:26:17-69
37-->src/main/AndroidManifest.xml:26:25-66
38
39                <category android:name="android.intent.category.LAUNCHER" />
39-->src/main/AndroidManifest.xml:27:17-77
39-->src/main/AndroidManifest.xml:27:27-74
40            </intent-filter>
41        </activity>
42
43        <uses-library
43-->[androidx.window:window:1.0.0] AndroidManifest.xml:25:9-27:40
44            android:name="androidx.window.extensions"
44-->[androidx.window:window:1.0.0] AndroidManifest.xml:26:13-54
45            android:required="false" />
45-->[androidx.window:window:1.0.0] AndroidManifest.xml:27:13-37
46        <uses-library
46-->[androidx.window:window:1.0.0] AndroidManifest.xml:28:9-30:40
47            android:name="androidx.window.sidecar"
47-->[androidx.window:window:1.0.0] AndroidManifest.xml:29:13-51
48            android:required="false" />
48-->[androidx.window:window:1.0.0] AndroidManifest.xml:30:13-37
49
50        <provider
50-->[androidx.emoji2:emoji2:1.2.0] AndroidManifest.xml:24:9-32:20
51            android:name="androidx.startup.InitializationProvider"
51-->[androidx.emoji2:emoji2:1.2.0] AndroidManifest.xml:25:13-67
52            android:authorities="com.ashu.ocotopus.androidx-startup"
52-->[androidx.emoji2:emoji2:1.2.0] AndroidManifest.xml:26:13-68
53            android:exported="false" >
53-->[androidx.emoji2:emoji2:1.2.0] AndroidManifest.xml:27:13-37
54            <meta-data
54-->[androidx.emoji2:emoji2:1.2.0] AndroidManifest.xml:29:13-31:52
55                android:name="androidx.emoji2.text.EmojiCompatInitializer"
55-->[androidx.emoji2:emoji2:1.2.0] AndroidManifest.xml:30:17-75
56                android:value="androidx.startup" />
56-->[androidx.emoji2:emoji2:1.2.0] AndroidManifest.xml:31:17-49
57            <meta-data
57-->[androidx.lifecycle:lifecycle-process:2.4.1] AndroidManifest.xml:31:13-33:52
58                android:name="androidx.lifecycle.ProcessLifecycleInitializer"
58-->[androidx.lifecycle:lifecycle-process:2.4.1] AndroidManifest.xml:32:17-78
59                android:value="androidx.startup" />
59-->[androidx.lifecycle:lifecycle-process:2.4.1] AndroidManifest.xml:33:17-49
60        </provider>
61    </application>
62
63</manifest>